<?xml version="1.0" encoding="UTF-8"?>
<robot generated="20170424 18:42:07.585" generator="Robot 3.0.2 (Python 2.7.13 on win32)">
<suite source="C:\Users\Policie\RobotFramework\itnetwork\Tests\testcase_9.1.robot" id="s1" name="Testcase 9.1">
<test id="s1-t1" name="Zobrazení konkrétního článku">
<kw type="setup" name="Open Browser And Go To Page" library="semestralka_keywords">
<arguments>
<arg>${url}</arg>
<arg>${browser}</arg>
</arguments>
<kw name="Open Browser" library="Selenium2Library">
<doc>Opens a new browser instance to given URL.</doc>
<arguments>
<arg>${url}</arg>
<arg>${browser}</arg>
</arguments>
<msg timestamp="20170424 18:42:07.853" level="INFO">Opening browser 'chrome' to base url 'http://www.itnetwork.cz'</msg>
<status status="PASS" endtime="20170424 18:42:17.111" starttime="20170424 18:42:07.853"></status>
</kw>
<status status="PASS" endtime="20170424 18:42:17.111" starttime="20170424 18:42:07.852"></status>
</kw>
<kw name="Go To Article" library="semestralka_keywords">
<arguments>
<arg>${sectionLink}</arg>
<arg>${subsection}</arg>
<arg>${subsectionLink}</arg>
<arg>${articleTitle}</arg>
<arg>${articleLink}</arg>
</arguments>
<kw name="Wait Until Page Contains" library="Selenium2Library">
<doc>Waits until `text` appears on current page.</doc>
<arguments>
<arg>${sectionLink}</arg>
</arguments>
<status status="PASS" endtime="20170424 18:42:17.277" starttime="20170424 18:42:17.113"></status>
</kw>
<kw name="Click Link" library="Selenium2Library">
<doc>Clicks a link identified by locator.</doc>
<arguments>
<arg>${sectionLink}</arg>
</arguments>
<msg timestamp="20170424 18:42:17.278" level="INFO">Clicking link 'java'.</msg>
<status status="PASS" endtime="20170424 18:42:18.350" starttime="20170424 18:42:17.277"></status>
</kw>
<kw name="Wait Until Page Contains" library="Selenium2Library">
<doc>Waits until `text` appears on current page.</doc>
<arguments>
<arg>${subsection}</arg>
</arguments>
<status status="PASS" endtime="20170424 18:42:18.391" starttime="20170424 18:42:18.350"></status>
</kw>
<kw name="Click Link" library="Selenium2Library">
<doc>Clicks a link identified by locator.</doc>
<arguments>
<arg>${subsectionLink}</arg>
</arguments>
<msg timestamp="20170424 18:42:18.392" level="INFO">Clicking link 'java/zaklady'.</msg>
<status status="PASS" endtime="20170424 18:42:19.273" starttime="20170424 18:42:18.391"></status>
</kw>
<kw name="Wait Until Page Contains" library="Selenium2Library">
<doc>Waits until `text` appears on current page.</doc>
<arguments>
<arg>${articleTitle}</arg>
</arguments>
<status status="PASS" endtime="20170424 18:42:19.305" starttime="20170424 18:42:19.273"></status>
</kw>
<kw name="Click Link" library="Selenium2Library">
<doc>Clicks a link identified by locator.</doc>
<arguments>
<arg>${articleLink}</arg>
</arguments>
<msg timestamp="20170424 18:42:19.305" level="INFO">Clicking link 'java/zaklady/java-tutorial-uvod-do-jazyka-java'.</msg>
<status status="PASS" endtime="20170424 18:42:20.583" starttime="20170424 18:42:19.305"></status>
</kw>
<kw name="Wait Until Page Contains" library="Selenium2Library">
<doc>Waits until `text` appears on current page.</doc>
<arguments>
<arg>${articleTitle}</arg>
</arguments>
<status status="PASS" endtime="20170424 18:42:20.601" starttime="20170424 18:42:20.583"></status>
</kw>
<status status="PASS" endtime="20170424 18:42:20.601" starttime="20170424 18:42:17.112"></status>
</kw>
<kw name="Location Should Contain" library="Selenium2Library">
<doc>Verifies that current URL contains `expected`.</doc>
<arguments>
<arg>${url}/${articleLink}</arg>
</arguments>
<kw name="Capture Page Screenshot" library="Selenium2Library">
<doc>Takes a screenshot of the current page and embeds it into the log.</doc>
<msg timestamp="20170424 18:42:30.808" level="FAIL">WebDriverException: Message: unknown error: cannot get automation extension
from unknown error: page could not be found: chrome-extension://aapnijgdinlhnhlmodcfapnahmbfebeb/_generated_background_page.html
  (Session info: chrome=57.0.2987.133)
  (Driver info: chromedriver=2.27.440174 (e97a722caafc2d3a8b807ee115bfb307f7d2cfd9),platform=Windows NT 10.0.14393 x86_64)
</msg>
<status status="FAIL" endtime="20170424 18:42:30.808" starttime="20170424 18:42:20.608"></status>
</kw>
<msg timestamp="20170424 18:42:30.808" level="WARN">Keyword 'Capture Page Screenshot' could not be run on failure: WebDriverException: Message: unknown error: cannot get automation extension
from unknown error: page could not be found: chrome-extension://aapnijgdinlhnhlmodcfapnahmbfebeb/_generated_background_page.html
  (Session info: chrome=57.0.2987.133)
  (Driver info: chromedriver=2.27.440174 (e97a722caafc2d3a8b807ee115bfb307f7d2cfd9),platform=Windows NT 10.0.14393 x86_64)
</msg>
<msg timestamp="20170424 18:42:30.810" level="FAIL">Location should have contained 'http://www.itnetwork.cz/java/zaklady/java-tutorial-uvod-do-jazyka-java' but it was 'https://www.itnetwork.cz/java/zaklady/java-tutorial-uvod-do-jazyka-java'.</msg>
<status status="FAIL" endtime="20170424 18:42:30.810" starttime="20170424 18:42:20.602"></status>
</kw>
<kw type="teardown" name="Close All Browsers" library="Selenium2Library">
<doc>Closes all open browsers and resets the browser cache.</doc>
<status status="PASS" endtime="20170424 18:42:33.913" starttime="20170424 18:42:30.810"></status>
</kw>
<status status="FAIL" endtime="20170424 18:42:33.913" critical="yes" starttime="20170424 18:42:07.851">Location should have contained 'http://www.itnetwork.cz/java/zaklady/java-tutorial-uvod-do-jazyka-java' but it was 'https://www.itnetwork.cz/java/zaklady/java-tutorial-uvod-do-jazyka-java'.</status>
</test>
<doc>Cílem tohoto testu je ověřit, zda se správně zobrazí konkrétní požadovaný článek.</doc>
<status status="FAIL" endtime="20170424 18:42:33.915" starttime="20170424 18:42:07.599"></status>
</suite>
<statistics>
<total>
<stat fail="1" pass="0">Critical Tests</stat>
<stat fail="1" pass="0">All Tests</stat>
</total>
<tag>
</tag>
<suite>
<stat fail="1" id="s1" name="Testcase 9.1" pass="0">Testcase 9.1</stat>
</suite>
</statistics>
<errors>
<msg timestamp="20170424 18:42:30.808" level="WARN">Keyword 'Capture Page Screenshot' could not be run on failure: WebDriverException: Message: unknown error: cannot get automation extension
from unknown error: page could not be found: chrome-extension://aapnijgdinlhnhlmodcfapnahmbfebeb/_generated_background_page.html
  (Session info: chrome=57.0.2987.133)
  (Driver info: chromedriver=2.27.440174 (e97a722caafc2d3a8b807ee115bfb307f7d2cfd9),platform=Windows NT 10.0.14393 x86_64)
</msg>
</errors>
</robot>
